<?xml version="1.0" encoding="UTF-8"?>
<!-- Generated by org.testng.reporters.JUnitXMLReporter -->
<testsuite hostname="DESKTOP-0KDP1L5" name="GRP-aa" tests="3" failures="0" timestamp="7 Dec 2018 05:25:59 GMT" time="0.06" errors="0">
  <testcase name="LoginP1" time="0.015" classname="com.scp.login.LoginPositiveTest"/>
  <testcase name="Invoice11" time="0.004" classname="com.scp.invoice.I1Test"/>
  <testcase name="Invoice13" time="0.004" classname="com.scp.invoice.I1Test"/>
</testsuite> <!-- GRP-aa -->
