<?xml version="1.0" encoding="UTF-8"?>
<!-- Generated by org.testng.reporters.JUnitXMLReporter -->
<testsuite hostname="DESKTOP-0KDP1L5" name="Test" tests="8" failures="0" timestamp="7 Dec 2018 05:45:22 GMT" time="0.144" errors="0">
  <testcase name="Invoice14" time="0.018" classname="com.scp.invoice.I1Test"/>
  <testcase name="Invoice14" time="0.006" classname="com.scp.invoice.I1Test"/>
  <testcase name="Invoice14" time="0.003" classname="com.scp.invoice.I1Test"/>
  <testcase name="Invoice14" time="0.003" classname="com.scp.invoice.I1Test"/>
  <testcase name="Invoice14" time="0.008" classname="com.scp.invoice.I1Test"/>
  <testcase name="Invoice15" time="0.004" classname="com.scp.invoice.I1Test"/>
  <testcase name="m1" time="0.005" classname="com.scp.invoice.I1Test"/>
  <testcase name="Invoice" time="0.0" classname="com.scp.invoice.I1Test">
    <skipped/>
  </testcase> <!-- Invoice -->
</testsuite> <!-- Test -->
